{"/home/sagrvma/Documents/Work/Dev/snap-bite/src/components/Body.jsx": {"path":"/home/sagrvma/Documents/Work/Dev/snap-bite/src/components/Body.jsx","statementMap":{"0":{"start":{"line":8,"column":13},"end":{"line":79,"column":1}},"1":{"start":{"line":9,"column":25},"end":{"line":9,"column":44}},"2":{"start":{"line":10,"column":42},"end":{"line":10,"column":54}},"3":{"start":{"line":11,"column":40},"end":{"line":11,"column":52}},"4":{"start":{"line":13,"column":23},"end":{"line":13,"column":40}},"5":{"start":{"line":15,"column":37},"end":{"line":15,"column":75}},"6":{"start":{"line":17,"column":2},"end":{"line":19,"column":23}},"7":{"start":{"line":18,"column":4},"end":{"line":18,"column":36}},"8":{"start":{"line":23,"column":2},"end":{"line":78,"column":4}},"9":{"start":{"line":36,"column":14},"end":{"line":36,"column":45}},"10":{"start":{"line":41,"column":14},"end":{"line":47,"column":16}},"11":{"start":{"line":43,"column":18},"end":{"line":45,"column":56}},"12":{"start":{"line":48,"column":14},"end":{"line":48,"column":40}},"13":{"start":{"line":58,"column":12},"end":{"line":60,"column":14}},"14":{"start":{"line":59,"column":45},"end":{"line":59,"column":69}},"15":{"start":{"line":68,"column":10},"end":{"line":74,"column":17}}},"fnMap":{"0":{"name":"(anonymous_0)","decl":{"start":{"line":8,"column":13},"end":{"line":8,"column":14}},"loc":{"start":{"line":8,"column":19},"end":{"line":79,"column":1}},"line":8},"1":{"name":"(anonymous_1)","decl":{"start":{"line":17,"column":12},"end":{"line":17,"column":13}},"loc":{"start":{"line":17,"column":18},"end":{"line":19,"column":3}},"line":17},"2":{"name":"(anonymous_2)","decl":{"start":{"line":35,"column":22},"end":{"line":35,"column":23}},"loc":{"start":{"line":35,"column":29},"end":{"line":37,"column":13}},"line":35},"3":{"name":"(anonymous_3)","decl":{"start":{"line":40,"column":21},"end":{"line":40,"column":22}},"loc":{"start":{"line":40,"column":27},"end":{"line":49,"column":13}},"line":40},"4":{"name":"(anonymous_4)","decl":{"start":{"line":42,"column":38},"end":{"line":42,"column":39}},"loc":{"start":{"line":43,"column":18},"end":{"line":45,"column":56}},"line":43},"5":{"name":"(anonymous_5)","decl":{"start":{"line":57,"column":19},"end":{"line":57,"column":20}},"loc":{"start":{"line":57,"column":25},"end":{"line":61,"column":11}},"line":57},"6":{"name":"(anonymous_6)","decl":{"start":{"line":59,"column":36},"end":{"line":59,"column":37}},"loc":{"start":{"line":59,"column":45},"end":{"line":59,"column":69}},"line":59},"7":{"name":"(anonymous_7)","decl":{"start":{"line":67,"column":26},"end":{"line":67,"column":27}},"loc":{"start":{"line":68,"column":10},"end":{"line":74,"column":17}},"line":68}},"branchMap":{"0":{"loc":{"start":{"line":23,"column":9},"end":{"line":78,"column":3}},"type":"cond-expr","locations":[{"start":{"line":24,"column":4},"end":{"line":24,"column":67}},{"start":{"line":25,"column":6},"end":{"line":78,"column":3}}],"line":23},"1":{"loc":{"start":{"line":25,"column":6},"end":{"line":78,"column":3}},"type":"cond-expr","locations":[{"start":{"line":26,"column":4},"end":{"line":26,"column":15}},{"start":{"line":28,"column":4},"end":{"line":77,"column":10}}],"line":25}},"s":{"0":1,"1":11,"2":11,"3":11,"4":11,"5":11,"6":11,"7":4,"8":11,"9":1,"10":1,"11":20,"12":1,"13":1,"14":20,"15":71},"f":{"0":11,"1":4,"2":1,"3":1,"4":20,"5":1,"6":20,"7":71},"b":{"0":[0,11],"1":[4,7]},"_coverageSchema":"1a1c01bbd47fc00a2c39e90264f33305004495a9","hash":"602fdc37cc831e8e1404aaeb98a4555ac15e54d6"}
,"/home/sagrvma/Documents/Work/Dev/snap-bite/src/components/ContactUs.jsx": {"path":"/home/sagrvma/Documents/Work/Dev/snap-bite/src/components/ContactUs.jsx","statementMap":{"0":{"start":{"line":3,"column":18},"end":{"line":69,"column":1}},"1":{"start":{"line":4,"column":26},"end":{"line":8,"column":4}},"2":{"start":{"line":10,"column":36},"end":{"line":10,"column":51}},"3":{"start":{"line":12,"column":2},"end":{"line":17,"column":18}},"4":{"start":{"line":13,"column":4},"end":{"line":16,"column":5}},"5":{"start":{"line":14,"column":20},"end":{"line":14,"column":63}},"6":{"start":{"line":14,"column":37},"end":{"line":14,"column":56}},"7":{"start":{"line":15,"column":6},"end":{"line":15,"column":39}},"8":{"start":{"line":15,"column":19},"end":{"line":15,"column":38}},"9":{"start":{"line":19,"column":23},"end":{"line":21,"column":3}},"10":{"start":{"line":20,"column":4},"end":{"line":20,"column":58}},"11":{"start":{"line":23,"column":23},"end":{"line":31,"column":3}},"12":{"start":{"line":24,"column":4},"end":{"line":24,"column":23}},"13":{"start":{"line":25,"column":4},"end":{"line":25,"column":23}},"14":{"start":{"line":26,"column":4},"end":{"line":30,"column":7}},"15":{"start":{"line":33,"column":2},"end":{"line":68,"column":4}}},"fnMap":{"0":{"name":"(anonymous_0)","decl":{"start":{"line":3,"column":18},"end":{"line":3,"column":19}},"loc":{"start":{"line":3,"column":24},"end":{"line":69,"column":1}},"line":3},"1":{"name":"(anonymous_1)","decl":{"start":{"line":12,"column":12},"end":{"line":12,"column":13}},"loc":{"start":{"line":12,"column":18},"end":{"line":17,"column":3}},"line":12},"2":{"name":"(anonymous_2)","decl":{"start":{"line":14,"column":31},"end":{"line":14,"column":32}},"loc":{"start":{"line":14,"column":37},"end":{"line":14,"column":56}},"line":14},"3":{"name":"(anonymous_3)","decl":{"start":{"line":15,"column":13},"end":{"line":15,"column":14}},"loc":{"start":{"line":15,"column":19},"end":{"line":15,"column":38}},"line":15},"4":{"name":"(anonymous_4)","decl":{"start":{"line":19,"column":23},"end":{"line":19,"column":24}},"loc":{"start":{"line":19,"column":30},"end":{"line":21,"column":3}},"line":19},"5":{"name":"(anonymous_5)","decl":{"start":{"line":23,"column":23},"end":{"line":23,"column":24}},"loc":{"start":{"line":23,"column":30},"end":{"line":31,"column":3}},"line":23}},"branchMap":{"0":{"loc":{"start":{"line":13,"column":4},"end":{"line":16,"column":5}},"type":"if","locations":[{"start":{"line":13,"column":4},"end":{"line":16,"column":5}},{"start":{},"end":{}}],"line":13},"1":{"loc":{"start":{"line":36,"column":7},"end":{"line":66,"column":7}},"type":"cond-expr","locations":[{"start":{"line":37,"column":8},"end":{"line":37,"column":70}},{"start":{"line":39,"column":8},"end":{"line":65,"column":15}}],"line":36}},"s":{"0":1,"1":1,"2":1,"3":1,"4":1,"5":0,"6":0,"7":0,"8":0,"9":1,"10":0,"11":1,"12":0,"13":0,"14":0,"15":1},"f":{"0":1,"1":1,"2":0,"3":0,"4":0,"5":0},"b":{"0":[0,1],"1":[0,1]},"_coverageSchema":"1a1c01bbd47fc00a2c39e90264f33305004495a9","hash":"8d97514ab8637bc125fda0edb80abcb17efbf832"}
,"/home/sagrvma/Documents/Work/Dev/snap-bite/src/components/Header.jsx": {"path":"/home/sagrvma/Documents/Work/Dev/snap-bite/src/components/Header.jsx","statementMap":{"0":{"start":{"line":7,"column":15},"end":{"line":59,"column":1}},"1":{"start":{"line":8,"column":32},"end":{"line":8,"column":49}},"2":{"start":{"line":9,"column":23},"end":{"line":9,"column":40}},"3":{"start":{"line":11,"column":27},"end":{"line":11,"column":50}},"4":{"start":{"line":14,"column":20},"end":{"line":14,"column":60}},"5":{"start":{"line":14,"column":43},"end":{"line":14,"column":59}},"6":{"start":{"line":18,"column":2},"end":{"line":58,"column":4}},"7":{"start":{"line":46,"column":16},"end":{"line":48,"column":40}}},"fnMap":{"0":{"name":"(anonymous_0)","decl":{"start":{"line":7,"column":15},"end":{"line":7,"column":16}},"loc":{"start":{"line":7,"column":21},"end":{"line":59,"column":1}},"line":7},"1":{"name":"(anonymous_1)","decl":{"start":{"line":14,"column":32},"end":{"line":14,"column":33}},"loc":{"start":{"line":14,"column":43},"end":{"line":14,"column":59}},"line":14},"2":{"name":"(anonymous_2)","decl":{"start":{"line":45,"column":23},"end":{"line":45,"column":24}},"loc":{"start":{"line":45,"column":29},"end":{"line":49,"column":15}},"line":45}},"branchMap":{"0":{"loc":{"start":{"line":26,"column":34},"end":{"line":26,"column":59}},"type":"cond-expr","locations":[{"start":{"line":26,"column":49},"end":{"line":26,"column":52}},{"start":{"line":26,"column":55},"end":{"line":26,"column":59}}],"line":26},"1":{"loc":{"start":{"line":46,"column":16},"end":{"line":48,"column":39}},"type":"cond-expr","locations":[{"start":{"line":47,"column":20},"end":{"line":47,"column":40}},{"start":{"line":48,"column":20},"end":{"line":48,"column":39}}],"line":46}},"s":{"0":1,"1":2,"2":2,"3":2,"4":2,"5":3,"6":2,"7":1},"f":{"0":2,"1":3,"2":1},"b":{"0":[2,0],"1":[1,0]},"_coverageSchema":"1a1c01bbd47fc00a2c39e90264f33305004495a9","hash":"3afd73223c99830288ff2bc1a9c965a3e841c4d9"}
,"/home/sagrvma/Documents/Work/Dev/snap-bite/src/components/RestaurantCard.jsx": {"path":"/home/sagrvma/Documents/Work/Dev/snap-bite/src/components/RestaurantCard.jsx","statementMap":{"0":{"start":{"line":3,"column":23},"end":{"line":19,"column":1}},"1":{"start":{"line":5,"column":4},"end":{"line":5,"column":17}},"2":{"start":{"line":6,"column":2},"end":{"line":18,"column":4}},"3":{"start":{"line":22,"column":38},"end":{"line":33,"column":1}},"4":{"start":{"line":23,"column":2},"end":{"line":32,"column":4}},"5":{"start":{"line":24,"column":25},"end":{"line":24,"column":64}},"6":{"start":{"line":25,"column":19},"end":{"line":25,"column":37}},"7":{"start":{"line":26,"column":4},"end":{"line":31,"column":6}}},"fnMap":{"0":{"name":"(anonymous_0)","decl":{"start":{"line":3,"column":23},"end":{"line":3,"column":24}},"loc":{"start":{"line":3,"column":40},"end":{"line":19,"column":1}},"line":3},"1":{"name":"(anonymous_1)","decl":{"start":{"line":22,"column":38},"end":{"line":22,"column":39}},"loc":{"start":{"line":22,"column":65},"end":{"line":33,"column":1}},"line":22},"2":{"name":"(anonymous_2)","decl":{"start":{"line":23,"column":9},"end":{"line":23,"column":10}},"loc":{"start":{"line":23,"column":20},"end":{"line":32,"column":3}},"line":23}},"branchMap":{"0":{"loc":{"start":{"line":28,"column":9},"end":{"line":28,"column":76}},"type":"binary-expr","locations":[{"start":{"line":28,"column":9},"end":{"line":28,"column":15}},{"start":{"line":28,"column":19},"end":{"line":28,"column":76}}],"line":28}},"s":{"0":2,"1":73,"2":73,"3":2,"4":12,"5":72,"6":72,"7":72},"f":{"0":73,"1":12,"2":72},"b":{"0":[72,59]},"_coverageSchema":"1a1c01bbd47fc00a2c39e90264f33305004495a9","hash":"6701f06b215793a5e1c6a21245976b9a63bbd6bb"}
,"/home/sagrvma/Documents/Work/Dev/snap-bite/src/components/Shimmer.jsx": {"path":"/home/sagrvma/Documents/Work/Dev/snap-bite/src/components/Shimmer.jsx","statementMap":{"0":{"start":{"line":1,"column":16},"end":{"line":17,"column":1}},"1":{"start":{"line":2,"column":2},"end":{"line":16,"column":4}}},"fnMap":{"0":{"name":"(anonymous_0)","decl":{"start":{"line":1,"column":16},"end":{"line":1,"column":17}},"loc":{"start":{"line":1,"column":22},"end":{"line":17,"column":1}},"line":1}},"branchMap":{},"s":{"0":1,"1":4},"f":{"0":4},"b":{},"_coverageSchema":"1a1c01bbd47fc00a2c39e90264f33305004495a9","hash":"1563de453360e61592c0c8979e6c5b78b6a6933d"}
,"/home/sagrvma/Documents/Work/Dev/snap-bite/src/utils/UserContext.jsx": {"path":"/home/sagrvma/Documents/Work/Dev/snap-bite/src/utils/UserContext.jsx","statementMap":{"0":{"start":{"line":3,"column":20},"end":{"line":5,"column":2}}},"fnMap":{},"branchMap":{},"s":{"0":1},"f":{},"b":{},"_coverageSchema":"1a1c01bbd47fc00a2c39e90264f33305004495a9","hash":"8f85888655e27783888ee88f4b63238610993bda"}
,"/home/sagrvma/Documents/Work/Dev/snap-bite/src/utils/appStore.jsx": {"path":"/home/sagrvma/Documents/Work/Dev/snap-bite/src/utils/appStore.jsx","statementMap":{"0":{"start":{"line":3,"column":17},"end":{"line":7,"column":2}}},"fnMap":{},"branchMap":{},"s":{"0":1},"f":{},"b":{},"_coverageSchema":"1a1c01bbd47fc00a2c39e90264f33305004495a9","hash":"9552e6f6c98f15a730ab88e8c822d9e9ab4f9623"}
,"/home/sagrvma/Documents/Work/Dev/snap-bite/src/utils/cartSlice.jsx": {"path":"/home/sagrvma/Documents/Work/Dev/snap-bite/src/utils/cartSlice.jsx","statementMap":{"0":{"start":{"line":3,"column":18},"end":{"line":19,"column":2}},"1":{"start":{"line":10,"column":6},"end":{"line":10,"column":39}},"2":{"start":{"line":13,"column":6},"end":{"line":13,"column":24}},"3":{"start":{"line":16,"column":6},"end":{"line":16,"column":29}},"4":{"start":{"line":21,"column":50},"end":{"line":21,"column":67}},"5":{"start":{"line":26,"column":31},"end":{"line":28,"column":1}},"6":{"start":{"line":27,"column":2},"end":{"line":27,"column":32}}},"fnMap":{"0":{"name":"(anonymous_0)","decl":{"start":{"line":9,"column":13},"end":{"line":9,"column":14}},"loc":{"start":{"line":9,"column":32},"end":{"line":11,"column":5}},"line":9},"1":{"name":"(anonymous_1)","decl":{"start":{"line":12,"column":16},"end":{"line":12,"column":17}},"loc":{"start":{"line":12,"column":27},"end":{"line":14,"column":5}},"line":12},"2":{"name":"(anonymous_2)","decl":{"start":{"line":15,"column":15},"end":{"line":15,"column":16}},"loc":{"start":{"line":15,"column":26},"end":{"line":17,"column":5}},"line":15},"3":{"name":"(anonymous_3)","decl":{"start":{"line":26,"column":31},"end":{"line":26,"column":32}},"loc":{"start":{"line":26,"column":42},"end":{"line":28,"column":1}},"line":26}},"branchMap":{"0":{"loc":{"start":{"line":27,"column":9},"end":{"line":27,"column":31}},"type":"binary-expr","locations":[{"start":{"line":27,"column":9},"end":{"line":27,"column":25}},{"start":{"line":27,"column":29},"end":{"line":27,"column":31}}],"line":27}},"s":{"0":1,"1":0,"2":0,"3":0,"4":1,"5":1,"6":0},"f":{"0":0,"1":0,"2":0,"3":0},"b":{"0":[0,0]},"_coverageSchema":"1a1c01bbd47fc00a2c39e90264f33305004495a9","hash":"9df038de13154651333b99eb1d80bd68fa6dcc19"}
,"/home/sagrvma/Documents/Work/Dev/snap-bite/src/utils/constants.jsx": {"path":"/home/sagrvma/Documents/Work/Dev/snap-bite/src/utils/constants.jsx","statementMap":{"0":{"start":{"line":2,"column":2},"end":{"line":2,"column":147}},"1":{"start":{"line":5,"column":2},"end":{"line":5,"column":85}},"2":{"start":{"line":8,"column":2},"end":{"line":8,"column":132}},"3":{"start":{"line":10,"column":29},"end":{"line":10,"column":60}}},"fnMap":{},"branchMap":{},"s":{"0":2,"1":2,"2":2,"3":2},"f":{},"b":{},"_coverageSchema":"1a1c01bbd47fc00a2c39e90264f33305004495a9","hash":"d2afdc7c53cbd848a32d4a92ac5aff92e8196099"}
,"/home/sagrvma/Documents/Work/Dev/snap-bite/src/utils/useOnlineStatus.jsx": {"path":"/home/sagrvma/Documents/Work/Dev/snap-bite/src/utils/useOnlineStatus.jsx","statementMap":{"0":{"start":{"line":3,"column":31},"end":{"line":17,"column":1}},"1":{"start":{"line":4,"column":42},"end":{"line":4,"column":56}},"2":{"start":{"line":6,"column":2},"end":{"line":14,"column":9}},"3":{"start":{"line":7,"column":4},"end":{"line":9,"column":7}},"4":{"start":{"line":8,"column":6},"end":{"line":8,"column":29}},"5":{"start":{"line":11,"column":4},"end":{"line":13,"column":7}},"6":{"start":{"line":12,"column":6},"end":{"line":12,"column":28}},"7":{"start":{"line":16,"column":2},"end":{"line":16,"column":22}}},"fnMap":{"0":{"name":"(anonymous_0)","decl":{"start":{"line":3,"column":31},"end":{"line":3,"column":32}},"loc":{"start":{"line":3,"column":37},"end":{"line":17,"column":1}},"line":3},"1":{"name":"(anonymous_1)","decl":{"start":{"line":6,"column":12},"end":{"line":6,"column":13}},"loc":{"start":{"line":6,"column":18},"end":{"line":14,"column":3}},"line":6},"2":{"name":"(anonymous_2)","decl":{"start":{"line":7,"column":39},"end":{"line":7,"column":40}},"loc":{"start":{"line":7,"column":45},"end":{"line":9,"column":5}},"line":7},"3":{"name":"(anonymous_3)","decl":{"start":{"line":11,"column":38},"end":{"line":11,"column":39}},"loc":{"start":{"line":11,"column":44},"end":{"line":13,"column":5}},"line":11}},"branchMap":{},"s":{"0":2,"1":13,"2":13,"3":3,"4":0,"5":3,"6":0,"7":13},"f":{"0":13,"1":3,"2":0,"3":0},"b":{},"_coverageSchema":"1a1c01bbd47fc00a2c39e90264f33305004495a9","hash":"dbb6b06565b95234ef8f955f0497deb42bf9b222"}
,"/home/sagrvma/Documents/Work/Dev/snap-bite/src/utils/useRestaurantList.jsx": {"path":"/home/sagrvma/Documents/Work/Dev/snap-bite/src/utils/useRestaurantList.jsx","statementMap":{"0":{"start":{"line":5,"column":33},"end":{"line":26,"column":1}},"1":{"start":{"line":6,"column":46},"end":{"line":6,"column":58}},"2":{"start":{"line":8,"column":2},"end":{"line":10,"column":9}},"3":{"start":{"line":9,"column":4},"end":{"line":9,"column":16}},"4":{"start":{"line":12,"column":20},"end":{"line":23,"column":3}},"5":{"start":{"line":13,"column":21},"end":{"line":13,"column":51}},"6":{"start":{"line":14,"column":17},"end":{"line":14,"column":38}},"7":{"start":{"line":16,"column":21},"end":{"line":18,"column":5}},"8":{"start":{"line":17,"column":16},"end":{"line":17,"column":74}},"9":{"start":{"line":20,"column":17},"end":{"line":20,"column":79}},"10":{"start":{"line":22,"column":4},"end":{"line":22,"column":28}},"11":{"start":{"line":25,"column":2},"end":{"line":25,"column":24}}},"fnMap":{"0":{"name":"(anonymous_0)","decl":{"start":{"line":5,"column":33},"end":{"line":5,"column":34}},"loc":{"start":{"line":5,"column":39},"end":{"line":26,"column":1}},"line":5},"1":{"name":"(anonymous_1)","decl":{"start":{"line":8,"column":12},"end":{"line":8,"column":13}},"loc":{"start":{"line":8,"column":18},"end":{"line":10,"column":3}},"line":8},"2":{"name":"(anonymous_2)","decl":{"start":{"line":12,"column":20},"end":{"line":12,"column":21}},"loc":{"start":{"line":12,"column":32},"end":{"line":23,"column":3}},"line":12},"3":{"name":"(anonymous_3)","decl":{"start":{"line":17,"column":6},"end":{"line":17,"column":7}},"loc":{"start":{"line":17,"column":16},"end":{"line":17,"column":74}},"line":17}},"branchMap":{},"s":{"0":1,"1":11,"2":11,"3":2,"4":11,"5":2,"6":2,"7":2,"8":4,"9":2,"10":2,"11":11},"f":{"0":11,"1":2,"2":2,"3":4},"b":{},"_coverageSchema":"1a1c01bbd47fc00a2c39e90264f33305004495a9","hash":"13010dc6d2fe1810b3152bec7ef1a893ffcdafbf"}
}
