TN:
SF:src/components/Body.jsx
FN:8,(anonymous_0)
FN:17,(anonymous_1)
FN:35,(anonymous_2)
FN:40,(anonymous_3)
FN:42,(anonymous_4)
FN:57,(anonymous_5)
FN:59,(anonymous_6)
FN:67,(anonymous_7)
FNF:8
FNH:8
FNDA:11,(anonymous_0)
FNDA:4,(anonymous_1)
FNDA:1,(anonymous_2)
FNDA:1,(anonymous_3)
FNDA:20,(anonymous_4)
FNDA:1,(anonymous_5)
FNDA:20,(anonymous_6)
FNDA:71,(anonymous_7)
DA:8,1
DA:9,11
DA:10,11
DA:11,11
DA:13,11
DA:15,11
DA:17,11
DA:18,4
DA:23,11
DA:36,1
DA:41,1
DA:43,20
DA:48,1
DA:58,1
DA:59,20
DA:68,71
LF:16
LH:16
BRDA:23,0,0,0
BRDA:23,0,1,11
BRDA:25,1,0,4
BRDA:25,1,1,7
BRF:4
BRH:3
end_of_record
TN:
SF:src/components/Cart.jsx
FN:5,(anonymous_0)
FN:8,(anonymous_1)
FNF:2
FNH:1
FNDA:3,(anonymous_0)
FNDA:0,(anonymous_1)
DA:5,1
DA:6,3
DA:7,3
DA:8,3
DA:9,0
DA:11,3
DA:12,3
LF:7
LH:6
BRDA:22,0,0,3
BRDA:22,0,1,1
BRF:2
BRH:2
end_of_record
TN:
SF:src/components/ContactUs.jsx
FN:3,(anonymous_0)
FN:12,(anonymous_1)
FN:14,(anonymous_2)
FN:15,(anonymous_3)
FN:19,(anonymous_4)
FN:23,(anonymous_5)
FNF:6
FNH:2
FNDA:1,(anonymous_0)
FNDA:1,(anonymous_1)
FNDA:0,(anonymous_2)
FNDA:0,(anonymous_3)
FNDA:0,(anonymous_4)
FNDA:0,(anonymous_5)
DA:3,1
DA:4,1
DA:10,1
DA:12,1
DA:13,1
DA:14,0
DA:15,0
DA:19,1
DA:20,0
DA:23,1
DA:24,0
DA:25,0
DA:26,0
DA:33,1
LF:14
LH:8
BRDA:13,0,0,0
BRDA:13,0,1,1
BRDA:36,1,0,0
BRDA:36,1,1,1
BRF:4
BRH:2
end_of_record
TN:
SF:src/components/Header.jsx
FN:7,(anonymous_0)
FN:14,(anonymous_1)
FN:45,(anonymous_2)
FNF:3
FNH:3
FNDA:6,(anonymous_0)
FNDA:11,(anonymous_1)
FNDA:1,(anonymous_2)
DA:7,2
DA:8,6
DA:9,6
DA:11,6
DA:14,11
DA:18,6
DA:46,1
LF:7
LH:7
BRDA:26,0,0,6
BRDA:26,0,1,0
BRDA:46,1,0,1
BRDA:46,1,1,0
BRF:4
BRH:2
end_of_record
TN:
SF:src/components/ItemList.jsx
FN:5,(anonymous_0)
FN:9,(anonymous_1)
FN:15,(anonymous_2)
FN:42,(anonymous_3)
FNF:4
FNH:4
FNDA:5,(anonymous_0)
FNDA:2,(anonymous_1)
FNDA:35,(anonymous_2)
FNDA:2,(anonymous_3)
DA:5,1
DA:7,5
DA:9,5
DA:10,2
DA:13,5
DA:16,35
DA:43,2
LF:7
LH:7
BRDA:27,0,0,35
BRDA:27,0,1,0
BRF:2
BRH:1
end_of_record
TN:
SF:src/components/RestaurantCard.jsx
FN:3,(anonymous_0)
FN:22,(anonymous_1)
FN:23,(anonymous_2)
FNF:3
FNH:3
FNDA:73,(anonymous_0)
FNDA:12,(anonymous_1)
FNDA:72,(anonymous_2)
DA:3,2
DA:5,73
DA:6,73
DA:22,2
DA:23,12
DA:24,72
DA:25,72
DA:26,72
LF:8
LH:8
BRDA:28,0,0,72
BRDA:28,0,1,59
BRF:2
BRH:2
end_of_record
TN:
SF:src/components/RestaurantCategory.jsx
FN:4,(anonymous_0)
FNF:1
FNH:1
FNDA:112,(anonymous_0)
DA:4,1
DA:13,112
LF:2
LH:2
BRDA:20,0,0,2
BRDA:20,0,1,110
BRDA:37,1,0,112
BRDA:37,1,1,2
BRF:4
BRH:4
end_of_record
TN:
SF:src/components/RestaurantMenu.jsx
FN:7,(anonymous_0)
FN:24,(anonymous_1)
FN:33,(anonymous_2)
FN:35,(anonymous_3)
FN:63,(anonymous_4)
FN:68,(anonymous_5)
FN:69,(anonymous_6)
FNF:7
FNH:7
FNDA:6,(anonymous_0)
FNDA:12,(anonymous_1)
FNDA:20,(anonymous_2)
FNDA:128,(anonymous_3)
FNDA:112,(anonymous_4)
FNDA:2,(anonymous_5)
FNDA:2,(anonymous_6)
DA:7,1
DA:8,6
DA:9,6
DA:12,6
DA:14,6
DA:24,12
DA:27,4
DA:32,4
DA:33,20
DA:36,128
DA:45,4
DA:51,4
DA:64,112
DA:69,2
LF:14
LH:14
BRDA:14,0,0,2
BRDA:14,0,1,4
BRDA:27,1,0,4
BRDA:27,1,1,0
BRDA:69,2,0,0
BRDA:69,2,1,2
BRF:6
BRH:4
end_of_record
TN:
SF:src/components/Shimmer.jsx
FN:1,(anonymous_0)
FNF:1
FNH:1
FNDA:6,(anonymous_0)
DA:1,2
DA:2,6
LF:2
LH:2
BRF:0
BRH:0
end_of_record
TN:
SF:src/utils/UserContext.jsx
FNF:0
FNH:0
DA:3,2
LF:1
LH:1
BRF:0
BRH:0
end_of_record
TN:
SF:src/utils/appStore.jsx
FNF:0
FNH:0
DA:3,2
LF:1
LH:1
BRF:0
BRH:0
end_of_record
TN:
SF:src/utils/cartSlice.jsx
FN:9,(anonymous_0)
FN:12,(anonymous_1)
FN:15,(anonymous_2)
FN:26,(anonymous_3)
FNF:4
FNH:2
FNDA:2,(anonymous_0)
FNDA:0,(anonymous_1)
FNDA:0,(anonymous_2)
FNDA:4,(anonymous_3)
DA:3,2
DA:10,2
DA:13,0
DA:16,0
DA:21,2
DA:26,2
DA:27,4
LF:7
LH:5
BRDA:27,0,0,4
BRDA:27,0,1,0
BRF:2
BRH:1
end_of_record
TN:
SF:src/utils/constants.jsx
FNF:0
FNH:0
DA:2,3
DA:5,3
DA:8,3
DA:10,3
LF:4
LH:4
BRF:0
BRH:0
end_of_record
TN:
SF:src/utils/useOnlineStatus.jsx
FN:3,(anonymous_0)
FN:6,(anonymous_1)
FN:7,(anonymous_2)
FN:11,(anonymous_3)
FNF:4
FNH:2
FNDA:17,(anonymous_0)
FNDA:5,(anonymous_1)
FNDA:0,(anonymous_2)
FNDA:0,(anonymous_3)
DA:3,3
DA:4,17
DA:6,17
DA:7,5
DA:8,0
DA:11,5
DA:12,0
DA:16,17
LF:8
LH:6
BRF:0
BRH:0
end_of_record
TN:
SF:src/utils/useRestaurantList.jsx
FN:5,(anonymous_0)
FN:8,(anonymous_1)
FN:12,(anonymous_2)
FN:17,(anonymous_3)
FNF:4
FNH:4
FNDA:11,(anonymous_0)
FNDA:2,(anonymous_1)
FNDA:2,(anonymous_2)
FNDA:4,(anonymous_3)
DA:5,1
DA:6,11
DA:8,11
DA:9,2
DA:12,11
DA:13,2
DA:14,2
DA:16,2
DA:17,4
DA:20,2
DA:22,2
DA:25,11
LF:12
LH:12
BRF:0
BRH:0
end_of_record
TN:
SF:src/utils/useRestaurantMenu.jsx
FN:6,(anonymous_0)
FN:8,(anonymous_1)
FN:12,(anonymous_2)
FNF:3
FNH:3
FNDA:6,(anonymous_0)
FNDA:2,(anonymous_1)
FNDA:2,(anonymous_2)
DA:6,1
DA:7,6
DA:8,6
DA:9,2
DA:12,6
DA:13,2
DA:14,2
DA:16,2
DA:19,6
LF:9
LH:9
BRF:0
BRH:0
end_of_record
